<?xml version="1.0" encoding="UTF-8"?>
<!-- Generated by org.testng.reporters.JUnitReportReporter -->
<testsuite skipped="0" hostname="LOXTIPL0012528" name="modes.ShortVideo" tests="1" failures="0" timestamp="11 May 2018 05:07:57 GMT" time="95.747" errors="0">
  <testcase name="startTest" time="95.747" classname="modes.ShortVideo"/>
</testsuite> <!-- modes.ShortVideo -->
